Using pre-set license

 COMMAND LINE ARGUMENTS:
/Users/sitharthanelango/Desktop/Unity/2020.3.11f1/Unity.app/Contents/MacOS/Unity
-adb2
-batchMode
-noUpm
-name
AssetImportWorker0
-projectPath
/Users/sitharthanelango/Desktop/Puzzle Tetris
-logFile
Logs/AssetImportWorker0.log
-srvPort
60231
Successfully changed project path to: /Users/sitharthanelango/Desktop/Puzzle Tetris
/Users/sitharthanelango/Desktop/Puzzle Tetris
Using Asset Import Pipeline V2.
Refreshing native plugins compatible for Editor in 63.37 ms, found 3 plugins.
Preloading 0 native plugins for Editor in 0.00 ms.
Initialize engine version: 2020.3.11f1 (99c7afb366b3)
[Subsystems] Discovering subsystems at path /Users/sitharthanelango/Desktop/Unity/2020.3.11f1/Unity.app/Contents/Resources/UnitySubsystems
[Subsystems] Discovering subsystems at path /Users/sitharthanelango/Desktop/Puzzle Tetris/Assets
GfxDevice: creating device client; threaded=0
2021-06-11 14:20:01.554 Unity[17997:912006] Color LCD preferred device: Intel(R) Iris(TM) Plus Graphics 645 (low power)
2021-06-11 14:20:01.554 Unity[17997:912006] Metal devices available: 1
2021-06-11 14:20:01.554 Unity[17997:912006] 0: Intel(R) Iris(TM) Plus Graphics 645 (low power)
2021-06-11 14:20:01.557 Unity[17997:912006] Using device Intel(R) Iris(TM) Plus Graphics 645 (low power)
Initializing Metal device caps: Intel(R) Iris(TM) Plus Graphics 645
Initialize mono
Mono path[0] = '/Users/sitharthanelango/Desktop/Unity/2020.3.11f1/Unity.app/Contents/Managed'
Mono path[1] = '/Users/sitharthanelango/Desktop/Unity/2020.3.11f1/Unity.app/Contents/MonoBleedingEdge/lib/mono/unityjit'
Mono config path = '/Users/sitharthanelango/Desktop/Unity/2020.3.11f1/Unity.app/Contents/MonoBleedingEdge/etc'
Using monoOptions --debugger-agent=transport=dt_socket,embedding=1,server=y,suspend=n,address=127.0.0.1:56997
Begin MonoManager ReloadAssembly
Registering precompiled unity dll's ...
Register platform support module: /Users/sitharthanelango/Desktop/Unity/2020.3.11f1/Unity.app/Contents/PlaybackEngines/MacStandaloneSupport/UnityEditor.OSXStandalone.Extensions.dll
Register platform support module: /Users/sitharthanelango/Desktop/Unity/2020.3.11f1/PlaybackEngines/WindowsStandaloneSupport/UnityEditor.WindowsStandalone.Extensions.dll
Registered in 0.003550 seconds.
Native extension for WindowsStandalone target not found
Native extension for OSXStandalone target not found
Refreshing native plugins compatible for Editor in 45.02 ms, found 3 plugins.
Preloading 0 native plugins for Editor in 0.00 ms.
Mono: successfully reloaded assembly
- Completed reload, in  3.247 seconds
Platform modules already initialized, skipping
Registering precompiled user dll's ...
Registered in 0.009737 seconds.
Begin MonoManager ReloadAssembly
Native extension for WindowsStandalone target not found
Native extension for OSXStandalone target not found
Refreshing native plugins compatible for Editor in 45.66 ms, found 3 plugins.
Preloading 0 native plugins for Editor in 0.00 ms.
Mono: successfully reloaded assembly
- Completed reload, in  1.452 seconds
Platform modules already initialized, skipping
========================================================================
Worker process is ready to serve import requests
Launching external process: /Users/sitharthanelango/Desktop/Unity/2020.3.11f1/Unity.app/Contents/Tools/UnityShaderCompiler
Launched and connected shader compiler UnityShaderCompiler after 0.02 seconds
Refreshing native plugins compatible for Editor in 0.51 ms, found 3 plugins.
Preloading 0 native plugins for Editor in 0.00 ms.
Unloading 2100 Unused Serialized files (Serialized files now loaded: 0)
System memory in use before: 175.9 MB.
System memory in use after: 175.9 MB.

Unloading 33 unused Assets to reduce memory usage. Loaded Objects now: 2533.
Total: 2.326954 ms (FindLiveObjects: 0.215043 ms CreateObjectMapping: 0.074783 ms MarkObjects: 1.900024 ms  DeleteObjects: 0.136347 ms)

========================================================================
Received Import Request.
  path: Assets/Scenes/DoorScene.unity
  artifactKey: Guid(204a285a62c484aadbe6a86f3adce8f5) Importer(815301076,1909f56bfc062723c751e8b465ee728b)
Start importing Assets/Scenes/DoorScene.unity using Guid(204a285a62c484aadbe6a86f3adce8f5) Importer(815301076,1909f56bfc062723c751e8b465ee728b)  -> (artifact id: 'a929d00c2485a08458f88efeab7fedd5') in 0.026153 seconds
  Import took 0.033078 seconds .

========================================================================
Received Prepare
Registering precompiled user dll's ...
Registered in 0.057071 seconds.
Begin MonoManager ReloadAssembly
Native extension for WindowsStandalone target not found
Native extension for OSXStandalone target not found
Refreshing native plugins compatible for Editor in 0.52 ms, found 3 plugins.
Preloading 0 native plugins for Editor in 0.00 ms.
Mono: successfully reloaded assembly
- Completed reload, in  1.525 seconds
Platform modules already initialized, skipping
Switching build target platform(2) subTarget(0) extendedPlatform(0) -> platform(13) subTarget(537395204) extendedPlatform(0)
Refreshing native plugins compatible for Editor in 0.57 ms, found 3 plugins.
Preloading 0 native plugins for Editor in 0.00 ms.
Unloading 2085 Unused Serialized files (Serialized files now loaded: 0)
System memory in use before: 174.6 MB.
System memory in use after: 174.6 MB.

Unloading 21 unused Assets to reduce memory usage. Loaded Objects now: 2537.
Total: 3.737146 ms (FindLiveObjects: 0.234882 ms CreateObjectMapping: 0.093984 ms MarkObjects: 3.288481 ms  DeleteObjects: 0.118274 ms)

AssetImportParameters requested are different than current active one (requested -> active):
  custom:graphics/normal-map-encoding: 01000000000000000000000000000000 -> 02000000000000000000000000000000
========================================================================
Received Prepare
Refreshing native plugins compatible for Editor in 6.25 ms, found 3 plugins.
Preloading 0 native plugins for Editor in 0.00 ms.
Unloading 19 Unused Serialized files (Serialized files now loaded: 0)
System memory in use before: 134.2 MB.
System memory in use after: 134.2 MB.

Unloading 19 unused Assets to reduce memory usage. Loaded Objects now: 2537.
Total: 20.000846 ms (FindLiveObjects: 0.623183 ms CreateObjectMapping: 0.077642 ms MarkObjects: 19.121961 ms  DeleteObjects: 0.177230 ms)

========================================================================
Received Prepare
Refreshing native plugins compatible for Editor in 5.77 ms, found 3 plugins.
Preloading 0 native plugins for Editor in 0.00 ms.
Unloading 19 Unused Serialized files (Serialized files now loaded: 0)
System memory in use before: 134.2 MB.
System memory in use after: 134.2 MB.

Unloading 19 unused Assets to reduce memory usage. Loaded Objects now: 2537.
Total: 38.413256 ms (FindLiveObjects: 0.825417 ms CreateObjectMapping: 0.124946 ms MarkObjects: 37.244224 ms  DeleteObjects: 0.216947 ms)

========================================================================
Received Prepare
Registering precompiled user dll's ...
Registered in 0.010720 seconds.
Begin MonoManager ReloadAssembly
Native extension for WindowsStandalone target not found
Native extension for OSXStandalone target not found
Refreshing native plugins compatible for Editor in 0.55 ms, found 3 plugins.
Preloading 0 native plugins for Editor in 0.00 ms.
Mono: successfully reloaded assembly
- Completed reload, in  1.678 seconds
Platform modules already initialized, skipping
Switching build target platform(2) subTarget(0) extendedPlatform(0) -> platform(13) subTarget(537395204) extendedPlatform(0)
Refreshing native plugins compatible for Editor in 0.58 ms, found 3 plugins.
Preloading 0 native plugins for Editor in 0.00 ms.
Unloading 2085 Unused Serialized files (Serialized files now loaded: 0)
System memory in use before: 174.9 MB.
System memory in use after: 174.9 MB.

Unloading 21 unused Assets to reduce memory usage. Loaded Objects now: 2541.
Total: 2.631216 ms (FindLiveObjects: 0.323553 ms CreateObjectMapping: 0.158882 ms MarkObjects: 2.021151 ms  DeleteObjects: 0.126585 ms)

AssetImportParameters requested are different than current active one (requested -> active):
  custom:graphics/normal-map-encoding: 01000000000000000000000000000000 -> 02000000000000000000000000000000
